

Started GET "/" for 127.0.0.1 at 2014-12-31 19:19:54 +0530

Mysql2::Error (Access denied for user 'root'@'localhost' (using password: NO)):
  mysql2 (0.3.17) lib/mysql2/client.rb:70:in `connect'
  mysql2 (0.3.17) lib/mysql2/client.rb:70:in `initialize'
  activerecord (4.1.2.rc1) lib/active_record/connection_adapters/mysql2_adapter.rb:18:in `new'
  activerecord (4.1.2.rc1) lib/active_record/connection_adapters/mysql2_adapter.rb:18:in `mysql2_connection'
  activerecord (4.1.2.rc1) lib/active_record/connection_adapters/abstract/connection_pool.rb:435:in `new_connection'
  activerecord (4.1.2.rc1) lib/active_record/connection_adapters/abstract/connection_pool.rb:445:in `checkout_new_connection'
  activerecord (4.1.2.rc1) lib/active_record/connection_adapters/abstract/connection_pool.rb:416:in `acquire_connection'
  activerecord (4.1.2.rc1) lib/active_record/connection_adapters/abstract/connection_pool.rb:351:in `block in checkout'
  /home/sumit/.rvm/rubies/ruby-1.9.3-p448/lib/ruby/1.9.1/monitor.rb:211:in `mon_synchronize'
  activerecord (4.1.2.rc1) lib/active_record/connection_adapters/abstract/connection_pool.rb:350:in `checkout'
  activerecord (4.1.2.rc1) lib/active_record/connection_adapters/abstract/connection_pool.rb:265:in `block in connection'
  /home/sumit/.rvm/rubies/ruby-1.9.3-p448/lib/ruby/1.9.1/monitor.rb:211:in `mon_synchronize'
  activerecord (4.1.2.rc1) lib/active_record/connection_adapters/abstract/connection_pool.rb:264:in `connection'
  activerecord (4.1.2.rc1) lib/active_record/connection_adapters/abstract/connection_pool.rb:541:in `retrieve_connection'
  activerecord (4.1.2.rc1) lib/active_record/connection_handling.rb:113:in `retrieve_connection'
  activerecord (4.1.2.rc1) lib/active_record/connection_handling.rb:87:in `connection'
  activerecord (4.1.2.rc1) lib/active_record/query_cache.rb:51:in `restore_query_cache_settings'
  activerecord (4.1.2.rc1) lib/active_record/query_cache.rb:43:in `rescue in call'
  activerecord (4.1.2.rc1) lib/active_record/query_cache.rb:32:in `call'
  activerecord (4.1.2.rc1) lib/active_record/connection_adapters/abstract/connection_pool.rb:621:in `call'
  activerecord (4.1.2.rc1) lib/active_record/migration.rb:380:in `call'
  actionpack (4.1.2.rc1) lib/action_dispatch/middleware/callbacks.rb:29:in `block in call'
  activesupport (4.1.2.rc1) lib/active_support/callbacks.rb:82:in `run_callbacks'
  actionpack (4.1.2.rc1) lib/action_dispatch/middleware/callbacks.rb:27:in `call'
  actionpack (4.1.2.rc1) lib/action_dispatch/middleware/reloader.rb:73:in `call'
  actionpack (4.1.2.rc1) lib/action_dispatch/middleware/remote_ip.rb:76:in `call'
  actionpack (4.1.2.rc1) lib/action_dispatch/middleware/debug_exceptions.rb:17:in `call'
  actionpack (4.1.2.rc1) lib/action_dispatch/middleware/show_exceptions.rb:30:in `call'
  railties (4.1.2.rc1) lib/rails/rack/logger.rb:38:in `call_app'
  railties (4.1.2.rc1) lib/rails/rack/logger.rb:20:in `block in call'
  activesupport (4.1.2.rc1) lib/active_support/tagged_logging.rb:68:in `block in tagged'
  activesupport (4.1.2.rc1) lib/active_support/tagged_logging.rb:26:in `tagged'
  activesupport (4.1.2.rc1) lib/active_support/tagged_logging.rb:68:in `tagged'
  railties (4.1.2.rc1) lib/rails/rack/logger.rb:20:in `call'
  actionpack (4.1.2.rc1) lib/action_dispatch/middleware/request_id.rb:21:in `call'
  rack (1.5.2) lib/rack/methodoverride.rb:21:in `call'
  rack (1.5.2) lib/rack/runtime.rb:17:in `call'
  activesupport (4.1.2.rc1) lib/active_support/cache/strategy/local_cache_middleware.rb:26:in `call'
  rack (1.5.2) lib/rack/lock.rb:17:in `call'
  actionpack (4.1.2.rc1) lib/action_dispatch/middleware/static.rb:64:in `call'
  rack (1.5.2) lib/rack/sendfile.rb:112:in `call'
  railties (4.1.2.rc1) lib/rails/engine.rb:514:in `call'
  railties (4.1.2.rc1) lib/rails/application.rb:144:in `call'
  rack (1.5.2) lib/rack/lock.rb:17:in `call'
  rack (1.5.2) lib/rack/content_length.rb:14:in `call'
  rack (1.5.2) lib/rack/handler/webrick.rb:60:in `service'
  /home/sumit/.rvm/rubies/ruby-1.9.3-p448/lib/ruby/1.9.1/webrick/httpserver.rb:138:in `service'
  /home/sumit/.rvm/rubies/ruby-1.9.3-p448/lib/ruby/1.9.1/webrick/httpserver.rb:94:in `run'
  /home/sumit/.rvm/rubies/ruby-1.9.3-p448/lib/ruby/1.9.1/webrick/server.rb:191:in `block in start_thread'


  Rendered /home/sumit/.rvm/gems/ruby-1.9.3-p448/gems/actionpack-4.1.2.rc1/lib/action_dispatch/middleware/templates/rescues/_source.erb (0.6ms)
  Rendered /home/sumit/.rvm/gems/ruby-1.9.3-p448/gems/actionpack-4.1.2.rc1/lib/action_dispatch/middleware/templates/rescues/_trace.html.erb (1.2ms)
  Rendered /home/sumit/.rvm/gems/ruby-1.9.3-p448/gems/actionpack-4.1.2.rc1/lib/action_dispatch/middleware/templates/rescues/_request_and_response.html.erb (0.8ms)
  Rendered /home/sumit/.rvm/gems/ruby-1.9.3-p448/gems/actionpack-4.1.2.rc1/lib/action_dispatch/middleware/templates/rescues/diagnostics.erb within rescues/layout (20.0ms)


Started GET "/" for 127.0.0.1 at 2014-12-31 20:01:04 +0530

ActiveRecord::NoDatabaseError (Unknown database 'depot_development'Run `$ bin/rake db:create db:migrate` to create your database):
  activerecord (4.1.2.rc1) lib/active_record/connection_adapters/mysql2_adapter.rb:23:in `rescue in mysql2_connection'
  activerecord (4.1.2.rc1) lib/active_record/connection_adapters/mysql2_adapter.rb:10:in `mysql2_connection'
  activerecord (4.1.2.rc1) lib/active_record/connection_adapters/abstract/connection_pool.rb:435:in `new_connection'
  activerecord (4.1.2.rc1) lib/active_record/connection_adapters/abstract/connection_pool.rb:445:in `checkout_new_connection'
  activerecord (4.1.2.rc1) lib/active_record/connection_adapters/abstract/connection_pool.rb:416:in `acquire_connection'
  activerecord (4.1.2.rc1) lib/active_record/connection_adapters/abstract/connection_pool.rb:351:in `block in checkout'
  /home/sumit/.rvm/rubies/ruby-1.9.3-p448/lib/ruby/1.9.1/monitor.rb:211:in `mon_synchronize'
  activerecord (4.1.2.rc1) lib/active_record/connection_adapters/abstract/connection_pool.rb:350:in `checkout'
  activerecord (4.1.2.rc1) lib/active_record/connection_adapters/abstract/connection_pool.rb:265:in `block in connection'
  /home/sumit/.rvm/rubies/ruby-1.9.3-p448/lib/ruby/1.9.1/monitor.rb:211:in `mon_synchronize'
  activerecord (4.1.2.rc1) lib/active_record/connection_adapters/abstract/connection_pool.rb:264:in `connection'
  activerecord (4.1.2.rc1) lib/active_record/connection_adapters/abstract/connection_pool.rb:541:in `retrieve_connection'
  activerecord (4.1.2.rc1) lib/active_record/connection_handling.rb:113:in `retrieve_connection'
  activerecord (4.1.2.rc1) lib/active_record/connection_handling.rb:87:in `connection'
  activerecord (4.1.2.rc1) lib/active_record/query_cache.rb:51:in `restore_query_cache_settings'
  activerecord (4.1.2.rc1) lib/active_record/query_cache.rb:43:in `rescue in call'
  activerecord (4.1.2.rc1) lib/active_record/query_cache.rb:32:in `call'
  activerecord (4.1.2.rc1) lib/active_record/connection_adapters/abstract/connection_pool.rb:621:in `call'
  activerecord (4.1.2.rc1) lib/active_record/migration.rb:380:in `call'
  actionpack (4.1.2.rc1) lib/action_dispatch/middleware/callbacks.rb:29:in `block in call'
  activesupport (4.1.2.rc1) lib/active_support/callbacks.rb:82:in `run_callbacks'
  actionpack (4.1.2.rc1) lib/action_dispatch/middleware/callbacks.rb:27:in `call'
  actionpack (4.1.2.rc1) lib/action_dispatch/middleware/reloader.rb:73:in `call'
  actionpack (4.1.2.rc1) lib/action_dispatch/middleware/remote_ip.rb:76:in `call'
  actionpack (4.1.2.rc1) lib/action_dispatch/middleware/debug_exceptions.rb:17:in `call'
  actionpack (4.1.2.rc1) lib/action_dispatch/middleware/show_exceptions.rb:30:in `call'
  railties (4.1.2.rc1) lib/rails/rack/logger.rb:38:in `call_app'
  railties (4.1.2.rc1) lib/rails/rack/logger.rb:20:in `block in call'
  activesupport (4.1.2.rc1) lib/active_support/tagged_logging.rb:68:in `block in tagged'
  activesupport (4.1.2.rc1) lib/active_support/tagged_logging.rb:26:in `tagged'
  activesupport (4.1.2.rc1) lib/active_support/tagged_logging.rb:68:in `tagged'
  railties (4.1.2.rc1) lib/rails/rack/logger.rb:20:in `call'
  actionpack (4.1.2.rc1) lib/action_dispatch/middleware/request_id.rb:21:in `call'
  rack (1.5.2) lib/rack/methodoverride.rb:21:in `call'
  rack (1.5.2) lib/rack/runtime.rb:17:in `call'
  activesupport (4.1.2.rc1) lib/active_support/cache/strategy/local_cache_middleware.rb:26:in `call'
  rack (1.5.2) lib/rack/lock.rb:17:in `call'
  actionpack (4.1.2.rc1) lib/action_dispatch/middleware/static.rb:64:in `call'
  rack (1.5.2) lib/rack/sendfile.rb:112:in `call'
  railties (4.1.2.rc1) lib/rails/engine.rb:514:in `call'
  railties (4.1.2.rc1) lib/rails/application.rb:144:in `call'
  rack (1.5.2) lib/rack/lock.rb:17:in `call'
  rack (1.5.2) lib/rack/content_length.rb:14:in `call'
  rack (1.5.2) lib/rack/handler/webrick.rb:60:in `service'
  /home/sumit/.rvm/rubies/ruby-1.9.3-p448/lib/ruby/1.9.1/webrick/httpserver.rb:138:in `service'
  /home/sumit/.rvm/rubies/ruby-1.9.3-p448/lib/ruby/1.9.1/webrick/httpserver.rb:94:in `run'
  /home/sumit/.rvm/rubies/ruby-1.9.3-p448/lib/ruby/1.9.1/webrick/server.rb:191:in `block in start_thread'


  Rendered /home/sumit/.rvm/gems/ruby-1.9.3-p448/gems/actionpack-4.1.2.rc1/lib/action_dispatch/middleware/templates/rescues/_source.erb (0.5ms)
  Rendered /home/sumit/.rvm/gems/ruby-1.9.3-p448/gems/actionpack-4.1.2.rc1/lib/action_dispatch/middleware/templates/rescues/_trace.html.erb (1.0ms)
  Rendered /home/sumit/.rvm/gems/ruby-1.9.3-p448/gems/actionpack-4.1.2.rc1/lib/action_dispatch/middleware/templates/rescues/_request_and_response.html.erb (0.8ms)
  Rendered /home/sumit/.rvm/gems/ruby-1.9.3-p448/gems/actionpack-4.1.2.rc1/lib/action_dispatch/middleware/templates/rescues/diagnostics.erb within rescues/layout (17.8ms)


Started GET "/" for 127.0.0.1 at 2014-12-31 22:52:58 +0530

ActiveRecord::NoDatabaseError (Unknown database 'depot_development'Run `$ bin/rake db:create db:migrate` to create your database):
  activerecord (4.1.2.rc1) lib/active_record/connection_adapters/mysql2_adapter.rb:23:in `rescue in mysql2_connection'
  activerecord (4.1.2.rc1) lib/active_record/connection_adapters/mysql2_adapter.rb:10:in `mysql2_connection'
  activerecord (4.1.2.rc1) lib/active_record/connection_adapters/abstract/connection_pool.rb:435:in `new_connection'
  activerecord (4.1.2.rc1) lib/active_record/connection_adapters/abstract/connection_pool.rb:445:in `checkout_new_connection'
  activerecord (4.1.2.rc1) lib/active_record/connection_adapters/abstract/connection_pool.rb:416:in `acquire_connection'
  activerecord (4.1.2.rc1) lib/active_record/connection_adapters/abstract/connection_pool.rb:351:in `block in checkout'
  /home/sumit/.rvm/rubies/ruby-2.0.0-p576/lib/ruby/2.0.0/monitor.rb:211:in `mon_synchronize'
  activerecord (4.1.2.rc1) lib/active_record/connection_adapters/abstract/connection_pool.rb:350:in `checkout'
  activerecord (4.1.2.rc1) lib/active_record/connection_adapters/abstract/connection_pool.rb:265:in `block in connection'
  /home/sumit/.rvm/rubies/ruby-2.0.0-p576/lib/ruby/2.0.0/monitor.rb:211:in `mon_synchronize'
  activerecord (4.1.2.rc1) lib/active_record/connection_adapters/abstract/connection_pool.rb:264:in `connection'
  activerecord (4.1.2.rc1) lib/active_record/connection_adapters/abstract/connection_pool.rb:541:in `retrieve_connection'
  activerecord (4.1.2.rc1) lib/active_record/connection_handling.rb:113:in `retrieve_connection'
  activerecord (4.1.2.rc1) lib/active_record/connection_handling.rb:87:in `connection'
  activerecord (4.1.2.rc1) lib/active_record/query_cache.rb:51:in `restore_query_cache_settings'
  activerecord (4.1.2.rc1) lib/active_record/query_cache.rb:43:in `rescue in call'
  activerecord (4.1.2.rc1) lib/active_record/query_cache.rb:32:in `call'
  activerecord (4.1.2.rc1) lib/active_record/connection_adapters/abstract/connection_pool.rb:621:in `call'
  activerecord (4.1.2.rc1) lib/active_record/migration.rb:380:in `call'
  actionpack (4.1.2.rc1) lib/action_dispatch/middleware/callbacks.rb:29:in `block in call'
  activesupport (4.1.2.rc1) lib/active_support/callbacks.rb:82:in `run_callbacks'
  actionpack (4.1.2.rc1) lib/action_dispatch/middleware/callbacks.rb:27:in `call'
  actionpack (4.1.2.rc1) lib/action_dispatch/middleware/reloader.rb:73:in `call'
  actionpack (4.1.2.rc1) lib/action_dispatch/middleware/remote_ip.rb:76:in `call'
  actionpack (4.1.2.rc1) lib/action_dispatch/middleware/debug_exceptions.rb:17:in `call'
  actionpack (4.1.2.rc1) lib/action_dispatch/middleware/show_exceptions.rb:30:in `call'
  railties (4.1.2.rc1) lib/rails/rack/logger.rb:38:in `call_app'
  railties (4.1.2.rc1) lib/rails/rack/logger.rb:20:in `block in call'
  activesupport (4.1.2.rc1) lib/active_support/tagged_logging.rb:68:in `block in tagged'
  activesupport (4.1.2.rc1) lib/active_support/tagged_logging.rb:26:in `tagged'
  activesupport (4.1.2.rc1) lib/active_support/tagged_logging.rb:68:in `tagged'
  railties (4.1.2.rc1) lib/rails/rack/logger.rb:20:in `call'
  actionpack (4.1.2.rc1) lib/action_dispatch/middleware/request_id.rb:21:in `call'
  rack (1.5.2) lib/rack/methodoverride.rb:21:in `call'
  rack (1.5.2) lib/rack/runtime.rb:17:in `call'
  activesupport (4.1.2.rc1) lib/active_support/cache/strategy/local_cache_middleware.rb:26:in `call'
  rack (1.5.2) lib/rack/lock.rb:17:in `call'
  actionpack (4.1.2.rc1) lib/action_dispatch/middleware/static.rb:64:in `call'
  rack (1.5.2) lib/rack/sendfile.rb:112:in `call'
  railties (4.1.2.rc1) lib/rails/engine.rb:514:in `call'
  railties (4.1.2.rc1) lib/rails/application.rb:144:in `call'
  rack (1.5.2) lib/rack/lock.rb:17:in `call'
  rack (1.5.2) lib/rack/content_length.rb:14:in `call'
  rack (1.5.2) lib/rack/handler/webrick.rb:60:in `service'
  /home/sumit/.rvm/rubies/ruby-2.0.0-p576/lib/ruby/2.0.0/webrick/httpserver.rb:138:in `service'
  /home/sumit/.rvm/rubies/ruby-2.0.0-p576/lib/ruby/2.0.0/webrick/httpserver.rb:94:in `run'
  /home/sumit/.rvm/rubies/ruby-2.0.0-p576/lib/ruby/2.0.0/webrick/server.rb:295:in `block in start_thread'


  Rendered /home/sumit/.rvm/gems/ruby-2.0.0-p576/gems/actionpack-4.1.2.rc1/lib/action_dispatch/middleware/templates/rescues/_source.erb (0.5ms)
  Rendered /home/sumit/.rvm/gems/ruby-2.0.0-p576/gems/actionpack-4.1.2.rc1/lib/action_dispatch/middleware/templates/rescues/_trace.html.erb (1.0ms)
  Rendered /home/sumit/.rvm/gems/ruby-2.0.0-p576/gems/actionpack-4.1.2.rc1/lib/action_dispatch/middleware/templates/rescues/_request_and_response.html.erb (0.9ms)
  Rendered /home/sumit/.rvm/gems/ruby-2.0.0-p576/gems/actionpack-4.1.2.rc1/lib/action_dispatch/middleware/templates/rescues/diagnostics.erb within rescues/layout (13.5ms)


Started GET "/" for 127.0.0.1 at 2014-12-31 22:53:26 +0530
Processing by Rails::WelcomeController#index as HTML
  Rendered /home/sumit/.rvm/gems/ruby-2.0.0-p576/gems/railties-4.1.2.rc1/lib/rails/templates/rails/welcome/index.html.erb (1.2ms)
Completed 200 OK in 21ms (Views: 5.1ms | ActiveRecord: 0.0ms)


Started GET "/rails/info/properties" for 127.0.0.1 at 2014-12-31 22:53:29 +0530
Processing by Rails::InfoController#properties as HTML
  Rendered /home/sumit/.rvm/gems/ruby-2.0.0-p576/gems/railties-4.1.2.rc1/lib/rails/templates/rails/info/properties.html.erb (0.4ms)
Completed 200 OK in 112ms (Views: 7.7ms | ActiveRecord: 58.6ms)
